2025-12-05 18:42:42,828 - realtime - INFO - [realtime]📹 Initializing real-time sign language detection...[/realtime]
2025-12-05 18:43:16,430 - realtime - INFO - [realtime]📹 Starting camera capture...[/realtime]
2025-12-05 18:48:19,230 - realtime - INFO - [realtime]📹 Initializing real-time sign language detection...[/realtime]
2025-12-05 18:48:19,795 - realtime - INFO - [realtime]📹 Starting camera capture...[/realtime]
2025-12-05 18:49:02,046 - realtime - INFO - [realtime]📹 Initializing real-time sign language detection...[/realtime]
2025-12-05 18:49:02,581 - realtime - INFO - [realtime]📹 Starting camera capture...[/realtime]
2025-12-05 18:49:05,251 - realtime - ERROR - [error]Failed to read frame from camera[/error]
2025-12-05 18:50:37,133 - realtime - INFO - [realtime]📹 Initializing real-time sign language detection...[/realtime]
2025-12-05 18:50:37,677 - realtime - INFO - [realtime]📹 Starting camera capture...[/realtime]
2025-12-05 18:50:40,272 - realtime - ERROR - [error]Failed to read frame from camera[/error]
2025-12-05 18:51:39,948 - realtime - INFO - [realtime]📹 Initializing real-time sign language detection...[/realtime]
2025-12-05 18:51:40,483 - realtime - INFO - [realtime]📹 Starting camera capture...[/realtime]
2025-12-05 18:51:43,055 - realtime - ERROR - [error]Failed to read frame from camera[/error]
2025-12-05 18:52:42,310 - realtime - INFO - [realtime]📹 Initializing real-time sign language detection...[/realtime]
2025-12-05 18:52:42,857 - realtime - INFO - [realtime]📹 Starting camera capture...[/realtime]
2025-12-05 18:52:45,163 - realtime - ERROR - [error]Failed to read frame from camera[/error]
2025-12-05 18:56:24,775 - realtime - INFO - [realtime]📹 Initializing real-time sign language detection...[/realtime]
2025-12-05 18:56:25,296 - realtime - INFO - [realtime]📹 Starting camera capture...[/realtime]
2025-12-05 18:56:26,897 - realtime - INFO - [realtime]📹 Warming up camera...[/realtime]
2025-12-05 18:56:28,844 - realtime - INFO - [realtime]📹 Camera ready![/realtime]
2025-12-05 18:57:51,328 - realtime - INFO - [realtime]📹 Initializing real-time sign language detection...[/realtime]
2025-12-05 18:57:51,846 - realtime - INFO - [realtime]📹 Starting camera capture...[/realtime]
2025-12-05 18:58:09,719 - realtime - INFO - [realtime]📹 Initializing real-time sign language detection...[/realtime]
2025-12-05 18:58:10,272 - realtime - INFO - [realtime]📹 Starting camera capture...[/realtime]
2025-12-05 18:58:12,586 - realtime - ERROR - [error]Failed to read frame from camera[/error]
2025-12-05 18:59:51,003 - realtime - INFO - [realtime]📹 Initializing real-time sign language detection...[/realtime]
2025-12-05 18:59:51,542 - realtime - INFO - [realtime]📹 Starting camera capture...[/realtime]
2025-12-05 18:59:53,021 - realtime - INFO - [realtime]📹 Warming up camera...[/realtime]
2025-12-05 18:59:53,865 - realtime - INFO - [realtime]📹 Camera ready![/realtime]
2025-12-05 19:00:44,814 - realtime - INFO - [realtime]📹 Frame dropped — continuing...[/realtime]
2025-12-05 19:00:45,820 - realtime - INFO - [realtime]📹 Frame dropped — continuing...[/realtime]
2025-12-05 19:00:46,824 - realtime - INFO - [realtime]📹 Frame dropped — continuing...[/realtime]
2025-12-05 19:00:47,828 - realtime - INFO - [realtime]📹 Frame dropped — continuing...[/realtime]
2025-12-05 19:00:48,832 - realtime - INFO - [realtime]📹 Frame dropped — continuing...[/realtime]
2025-12-05 19:00:49,835 - realtime - INFO - [realtime]📹 Frame dropped — continuing...[/realtime]
2025-12-05 19:00:50,839 - realtime - INFO - [realtime]📹 Frame dropped — continuing...[/realtime]
2025-12-05 19:00:51,842 - realtime - INFO - [realtime]📹 Frame dropped — continuing...[/realtime]
2025-12-05 19:00:52,845 - realtime - INFO - [realtime]📹 Frame dropped — continuing...[/realtime]
2025-12-05 19:00:53,848 - realtime - INFO - [realtime]📹 Frame dropped — continuing...[/realtime]
2025-12-05 19:00:54,851 - realtime - INFO - [realtime]📹 Frame dropped — continuing...[/realtime]
2025-12-05 19:00:55,857 - realtime - INFO - [realtime]📹 Frame dropped — continuing...[/realtime]
2025-12-05 19:00:56,862 - realtime - INFO - [realtime]📹 Frame dropped — continuing...[/realtime]
2025-12-05 19:00:57,865 - realtime - INFO - [realtime]📹 Frame dropped — continuing...[/realtime]
2025-12-05 19:00:58,867 - realtime - INFO - [realtime]📹 Frame dropped — continuing...[/realtime]
2025-12-05 19:01:30,207 - realtime - INFO - [realtime]📹 Initializing real-time sign language detection...[/realtime]
2025-12-05 19:01:30,721 - realtime - INFO - [realtime]📹 Starting camera capture...[/realtime]
2025-12-05 19:04:10,892 - realtime - INFO - [realtime]📹 Initializing real-time sign language detection...[/realtime]
2025-12-05 19:04:11,420 - realtime - INFO - [realtime]📹 Starting camera capture...[/realtime]
2025-12-05 23:40:44,140 - realtime - INFO - [realtime]📹 Initializing real-time sign language detection...[/realtime]
2025-12-05 23:40:44,734 - realtime - INFO - [realtime]📹 Starting camera capture...[/realtime]
2025-12-05 23:40:49,381 - realtime - ERROR - [error]Failed to read frame from camera[/error]
2025-12-05 23:42:21,034 - realtime - INFO - [realtime]📹 Initializing real-time sign language detection...[/realtime]
2025-12-05 23:42:21,569 - realtime - INFO - [realtime]📹 Starting camera capture...[/realtime]
2025-12-05 23:42:24,073 - realtime - ERROR - [error]Failed to read frame from camera[/error]
2025-12-05 23:42:35,919 - realtime - INFO - [realtime]📹 Initializing real-time sign language detection...[/realtime]
2025-12-05 23:42:36,427 - realtime - INFO - [realtime]📹 Starting camera capture...[/realtime]
2025-12-05 23:42:38,697 - realtime - ERROR - [error]Failed to read frame from camera[/error]
2025-12-05 23:43:08,613 - realtime - INFO - [realtime]📹 Initializing real-time sign language detection...[/realtime]
2025-12-05 23:43:09,124 - realtime - INFO - [realtime]📹 Starting camera capture...[/realtime]
2025-12-05 23:43:11,421 - realtime - ERROR - [error]Failed to read frame from camera[/error]
2025-12-05 23:43:34,311 - realtime - INFO - [realtime]📹 Initializing real-time sign language detection...[/realtime]
2025-12-05 23:43:34,832 - realtime - INFO - [realtime]📹 Starting camera capture...[/realtime]
2025-12-05 23:43:37,109 - realtime - ERROR - [error]Failed to read frame from camera[/error]
2025-12-05 23:43:45,596 - realtime - INFO - [realtime]📹 Initializing real-time sign language detection...[/realtime]
2025-12-05 23:43:46,036 - realtime - INFO - [realtime]📹 Starting camera capture...[/realtime]
2025-12-05 23:43:48,305 - realtime - ERROR - [error]Failed to read frame from camera[/error]
2025-12-05 23:46:51,178 - realtime - INFO - [realtime]📹 Initializing real-time sign language detection...[/realtime]
2025-12-05 23:46:51,699 - realtime - INFO - [realtime]📹 Starting camera capture...[/realtime]
2025-12-05 23:50:41,825 - realtime - INFO - [realtime]📹 Initializing real-time sign language detection...[/realtime]
2025-12-05 23:50:42,351 - realtime - INFO - [realtime]📹 Starting camera capture...[/realtime]
2025-12-05 23:56:11,836 - realtime - INFO - [realtime]📹 Initializing real-time sign language detection...[/realtime]
2025-12-05 23:56:12,360 - realtime - INFO - [realtime]📹 Starting camera capture...[/realtime]
